<?xml version="1.0" encoding="UTF-8"?>
<testng-results ignored="0" total="2" passed="2" failed="0" skipped="0">
  <reporter-output>
    <line>
      <![CDATA[Hello Test NG]]>
    </line>
    <line>
      <![CDATA[Welcome to marven]]>
    </line>
  </reporter-output>
  <suite started-at="2024-09-02T18:15:56 IST" name="Default suite" finished-at="2024-09-02T18:15:56 IST" duration-ms="184">
    <groups>
    </groups>
    <test started-at="2024-09-02T18:15:56 IST" name="Default test" finished-at="2024-09-02T18:15:56 IST" duration-ms="184">
      <class name="testng.TestNGClass">
        <test-method signature="demoTest()[pri:0, instance:testng.TestNGClass@35cabb2a]" started-at="2024-09-02T18:15:56 IST" name="demoTest" finished-at="2024-09-02T18:15:56 IST" duration-ms="37" status="PASS">
          <reporter-output>
            <line>
              <![CDATA[Hello Test NG]]>
            </line>
          </reporter-output>
        </test-method> <!-- demoTest -->
        <test-method signature="demoTest1()[pri:0, instance:testng.TestNGClass@35cabb2a]" started-at="2024-09-02T18:15:56 IST" name="demoTest1" finished-at="2024-09-02T18:15:56 IST" duration-ms="4" status="PASS">
          <reporter-output>
            <line>
              <![CDATA[Welcome to marven]]>
            </line>
          </reporter-output>
        </test-method> <!-- demoTest1 -->
      </class> <!-- testng.TestNGClass -->
    </test> <!-- Default test -->
  </suite> <!-- Default suite -->
</testng-results>
